<?xml version="1.0" encoding="UTF-8"?>
<!-- Generated by org.testng.reporters.JUnitReportReporter -->
<testsuite skipped="0" hostname="Sarosh-450-G8" name="TestCases.login" tests="2" failures="0" timestamp="2022-06-11T16:12:06 PKT" time="17.609" errors="0">
  <testcase name="loginWithInvalidCreds" time="10.590" classname="TestCases.login"/>
  <system-out/>
  <testcase name="loginWithValidCreds" time="7.019" classname="TestCases.login"/>
  <system-out/>
</testsuite> <!-- TestCases.login -->
