<?xml version="1.0" encoding="UTF-8"?>
<!-- Generated by org.testng.reporters.JUnitReportReporter -->
<testsuite hostname="Sarosh-450-G8" failures="0" tests="1" name="TestCases.MultipleTest" time="0.000" errors="0" timestamp="2022-06-28T17:07:05 PKT" skipped="1">
  <testcase classname="TestCases.MultipleTest" name="multipleTestCases" time="0.000">
    <skipped/>
  </testcase> <!-- multipleTestCases -->
  <system-out/>
</testsuite> <!-- TestCases.MultipleTest -->
